2022-06-09 23:43:12 INFO  FuncionarioCollection:25 - Novo funcionário: Gabriel
2022-06-09 23:43:12 INFO  FuncionarioCollection:25 - Novo funcionário: Danilo
2022-06-09 23:50:05 INFO  FuncionarioCollection:25 - Novo funcionário: Gabriel
2022-06-09 23:50:05 INFO  FuncionarioCollection:25 - Novo funcionário: Danilo
2022-06-09 23:50:21 INFO  FuncionarioCollection:25 - Novo funcionário: Gabriel
2022-06-09 23:50:21 INFO  FuncionarioCollection:25 - Novo funcionário: Danilo
2022-06-09 23:50:21 INFO  Funcionario:26 - Salário calculado para o funcionário Danilo
2022-06-09 23:58:25 INFO  FuncionarioCollection:25 - Novo funcionário: Gabriel
2022-06-09 23:58:25 INFO  FuncionarioCollection:25 - Novo funcionário: Danilo
2022-06-09 23:58:25 INFO  Funcionario:31 - Salário calculado: Danilo
2022-06-09 23:58:25 INFO  Funcionario:26 - Bônus consultado: Danilo
2022-06-10 20:03:58 INFO  FuncionarioCollection:22 - Novo funcionário: Gabriel
2022-06-10 20:04:14 INFO  FuncionarioCollection:22 - Novo funcionário: Gabriel
2022-06-10 20:04:30 INFO  FuncionarioCollection:22 - Novo funcionário: Gabriel
2022-06-10 20:05:04 INFO  FuncionarioCollection:22 - Novo funcionário: Gabriel
2022-06-10 20:06:24 INFO  FuncionarioCollection:22 - Novo funcionário: Gabriel
2022-06-10 20:06:24 INFO  FuncionarioCollection:22 - Novo funcionário: Danilo
2022-06-10 20:11:02 INFO  FuncionarioCollection:22 - Novo funcionário: Gabriel
2022-06-10 20:11:02 INFO  FuncionarioCollection:22 - Novo funcionário: Danilo
2022-06-10 20:15:21 INFO  FuncionarioCollection:22 - Novo funcionário: Gabriel
2022-06-10 20:15:22 INFO  FuncionarioCollection:22 - Novo funcionário: Danilo
2022-06-10 20:15:44 INFO  FuncionarioCollection:22 - Novo funcionário: Gabriel
2022-06-10 20:15:44 INFO  FuncionarioCollection:22 - Novo funcionário: Danilo
2022-06-10 20:16:06 INFO  FuncionarioCollection:22 - Novo funcionário: Gabriel
2022-06-10 20:16:06 INFO  FuncionarioCollection:22 - Novo funcionário: Danilo
2022-06-10 20:16:44 INFO  FuncionarioCollection:22 - Novo funcionário: Gabriel
2022-06-10 20:16:45 INFO  FuncionarioCollection:22 - Novo funcionário: Danilo
2022-06-10 20:17:17 INFO  FuncionarioCollection:22 - Novo funcionário: Gabriel
2022-06-10 20:17:17 INFO  FuncionarioCollection:22 - Novo funcionário: Danilo
2022-06-10 20:17:32 INFO  FuncionarioCollection:22 - Novo funcionário: Gabriel
2022-06-10 20:17:32 INFO  FuncionarioCollection:22 - Novo funcionário: Danilo
2022-06-10 20:18:14 INFO  FuncionarioCollection:22 - Novo funcionário: Gabriel
2022-06-10 20:18:14 INFO  FuncionarioCollection:22 - Novo funcionário: Danilo
2022-06-10 20:19:47 INFO  FuncionarioCollection:22 - Novo funcionário: Gabriel
2022-06-10 20:19:50 INFO  FuncionarioCollection:22 - Novo funcionário: Danilo
2022-06-10 20:30:17 INFO  FuncionarioCollection:22 - Novo funcionário: Gabriel
2022-06-10 20:30:19 INFO  FuncionarioCollection:22 - Novo funcionário: Danilo
2022-06-10 20:31:51 INFO  FuncionarioCollection:22 - Novo funcionário: Gabriel
2022-06-10 20:31:53 INFO  FuncionarioCollection:22 - Novo funcionário: Danilo
2022-06-10 20:46:20 INFO  FuncionarioCollection:22 - Novo funcionário: Gabriel
2022-06-10 20:46:34 INFO  FuncionarioCollection:22 - Novo funcionário: Danilo
2022-06-10 20:47:14 INFO  FuncionarioCollection:22 - Novo funcionário: Gabriel
2022-06-10 20:47:25 INFO  FuncionarioCollection:22 - Novo funcionário: Danilo
2022-06-10 20:47:40 INFO  FuncionarioCollection:22 - Novo funcionário: Gabriel
2022-06-10 20:47:42 INFO  FuncionarioCollection:22 - Novo funcionário: Danilo
2022-06-10 20:48:17 INFO  FuncionarioCollection:22 - Novo funcionário: Gabriel
2022-06-10 20:48:51 INFO  FuncionarioCollection:22 - Novo funcionário: Gabriel
2022-06-10 20:49:51 INFO  FuncionarioCollection:22 - Novo funcionário: Gabriel
2022-06-10 20:49:52 INFO  FuncionarioCollection:22 - Novo funcionário: Danilo
2022-06-10 20:51:36 INFO  FuncionarioCollection:22 - Novo funcionário: Gabriel
2022-06-10 20:51:38 INFO  FuncionarioCollection:22 - Novo funcionário: Danilo
2022-06-10 20:53:00 INFO  FuncionarioCollection:22 - Novo funcionário: Gabriel
2022-06-10 20:53:02 INFO  FuncionarioCollection:22 - Novo funcionário: Danilo
2022-06-10 21:05:32 INFO  FuncionarioCollection:22 - Novo funcionário: Gabriel
2022-06-10 21:05:52 INFO  FuncionarioCollection:22 - Novo funcionário: Gabriel
2022-06-10 21:06:01 INFO  FuncionarioCollection:22 - Novo funcionário: Gabriel
2022-06-10 21:06:21 INFO  FuncionarioCollection:22 - Novo funcionário: Gabriel
2022-06-10 21:07:33 INFO  FuncionarioCollection:22 - Novo funcionário: Gabriel
2022-06-10 21:09:45 INFO  FuncionarioCollection:22 - Novo funcionário: Gabriel
2022-06-10 21:09:45 INFO  FuncionarioCollection:22 - Novo funcionário: Danilo
2022-06-10 21:10:01 INFO  FuncionarioCollection:22 - Novo funcionário: Gabriel
2022-06-10 21:10:01 INFO  FuncionarioCollection:22 - Novo funcionário: Danilo
2022-06-10 21:10:24 INFO  FuncionarioCollection:22 - Novo funcionário: Gabriel
2022-06-10 21:10:26 INFO  FuncionarioCollection:22 - Novo funcionário: Danilo
2022-06-10 21:12:39 INFO  FuncionarioCollection:22 - Novo funcionário: Gabriel
2022-06-10 21:12:39 INFO  FuncionarioCollection:22 - Novo funcionário: Danilo
2022-06-10 21:14:04 INFO  FuncionarioCollection:22 - Novo funcionário: Gabriel
2022-06-10 21:14:04 INFO  FuncionarioCollection:22 - Novo funcionário: Danilo
2022-06-10 21:14:20 INFO  FuncionarioCollection:22 - Novo funcionário: Gabriel
2022-06-10 21:14:20 INFO  FuncionarioCollection:22 - Novo funcionário: Danilo
2022-06-10 21:15:06 INFO  FuncionarioCollection:22 - Novo funcionário: Gabriel
2022-06-10 21:16:04 INFO  FuncionarioCollection:22 - Novo funcionário: Gabriel
2022-06-10 21:16:04 INFO  FuncionarioCollection:22 - Novo funcionário: Danilo
2022-06-10 21:16:43 INFO  FuncionarioCollection:22 - Novo funcionário: Gabriel
2022-06-10 21:17:08 INFO  FuncionarioCollection:22 - Novo funcionário: Gabriel
2022-06-10 21:18:20 INFO  FuncionarioCollection:22 - Novo funcionário: Gabriel
2022-06-10 21:20:01 INFO  FuncionarioCollection:22 - Novo funcionário: Gabriel
2022-06-10 21:20:02 INFO  FuncionarioCollection:22 - Novo funcionário: Danilo
2022-06-10 21:21:01 INFO  FuncionarioCollection:22 - Novo funcionário: Gabriel
2022-06-10 21:23:19 INFO  FuncionarioCollection:22 - Novo funcionário: Gabriel
2022-06-10 21:25:28 INFO  FuncionarioCollection:22 - Novo funcionário: Gabriel
2022-06-10 21:28:35 INFO  FuncionarioCollection:22 - Novo funcionário: Gabriel
2022-06-10 21:29:07 INFO  FuncionarioCollection:22 - Novo funcionário: Gabriel
2022-06-10 21:29:31 INFO  FuncionarioCollection:22 - Novo funcionário: Gabriel
2022-06-10 21:36:28 INFO  FuncionarioCollection:22 - Novo funcionário: Gabriel
2022-06-10 21:36:52 INFO  FuncionarioCollection:22 - Novo funcionário: Gabriel
2022-06-10 21:37:09 INFO  FuncionarioCollection:22 - Novo funcionário: Gabriel
2022-06-10 21:39:33 INFO  FuncionarioCollection:22 - Novo funcionário: Gabriel
2022-06-10 21:40:01 INFO  FuncionarioCollection:22 - Novo funcionário: Gabriel
2022-06-10 21:40:19 INFO  FuncionarioCollection:22 - Novo funcionário: Gabriel
2022-06-10 21:44:09 INFO  FuncionarioCollection:22 - Novo funcionário: Gabriel
2022-06-10 21:44:48 INFO  FuncionarioCollection:22 - Novo funcionário: Gabriel
2022-06-10 21:50:19 INFO  FuncionarioCollection:22 - Novo funcionário: Gabriel
2022-06-10 21:51:04 INFO  FuncionarioCollection:22 - Novo funcionário: Gabriel
2022-06-10 21:51:46 INFO  FuncionarioCollection:22 - Novo funcionário: Gabriel
2022-06-10 21:51:48 INFO  FuncionarioCollection:22 - Novo funcionário: Danilo
2022-06-11 09:52:10 INFO  FuncionarioCollection:22 - Novo funcionário: Gabriel
2022-06-11 09:58:33 INFO  FuncionarioCollection:22 - Novo funcionário: Gabriel
2022-06-11 09:59:52 INFO  FuncionarioCollection:22 - Novo funcionário: Gabriel
2022-06-11 10:03:03 INFO  FuncionarioCollection:22 - Novo funcionário: Gabriel
2022-06-11 10:06:53 INFO  FuncionarioCollection:22 - Novo funcionário: Gabriel
2022-06-11 10:07:50 INFO  FuncionarioCollection:22 - Novo funcionário: Gabriel
2022-06-11 10:08:31 INFO  FuncionarioCollection:22 - Novo funcionário: Gabriel
2022-06-11 10:08:57 INFO  FuncionarioCollection:22 - Novo funcionário: Gabriel
2022-06-11 10:09:03 INFO  FuncionarioCollection:22 - Novo funcionário: Danilo
